2025-05-19 00:09:21,356 [INFO] NvicIntPanel:101 - NVIC parent = com.st.microxplorer.plugins.ip.nvic.MultiNvicIntPanel[,0,0,586x650,layout=javax.swing.BoxLayout,alignmentX=0.0,alignmentY=0.0,border=,flags=9,maximumSize=,minimumSize=,preferredSize=]
2025-05-19 01:03:56,639 [INFO] Gpio:277 - dependency for GPIO [RCC, SYS, TIM2, USART3, USB_OTG_FS]
2025-05-19 01:04:16,326 [ERROR] RtosPanel:558 - Can not restore the selected Tab for FREERTOS(A reason can be that the tab is no more available.)
2025-05-19 01:06:50,940 [INFO] Gpio:277 - dependency for GPIO [RCC, SYS, TIM2, USART3, USB_OTG_FS]
2025-05-19 01:07:13,158 [INFO] NvicIntPanel:101 - NVIC parent = com.st.microxplorer.plugins.ip.nvic.MultiNvicIntPanel[,2,46,651x547,layout=javax.swing.BoxLayout,alignmentX=0.0,alignmentY=0.0,border=,flags=9,maximumSize=,minimumSize=,preferredSize=]
2025-05-19 01:07:16,105 [INFO] Gpio:277 - dependency for GPIO [RCC, SYS, TIM2, USART3, USB_OTG_FS]
2025-05-19 01:08:04,489 [ERROR] RtosPanel:558 - Can not restore the selected Tab for FREERTOS(A reason can be that the tab is no more available.)
2025-05-19 01:08:12,763 [INFO] UtilMem:75 - End SaveConfig() Used Memory: 343591168 Bytes (948961280)
2025-05-19 01:08:12,865 [INFO] UtilMem:75 - End SaveConfig() Used Memory: 373770776 Bytes (948961280)
2025-05-19 01:08:13,393 [INFO] UtilMem:75 - End SaveConfig() Used Memory: 425380096 Bytes (948961280)
2025-05-19 01:08:14,626 [INFO] BlockDiagram:2775 - set Specific Code input for plugin: FREERTOS
2025-05-19 01:08:14,626 [INFO] BlockDiagram:2775 - set Specific Code input for plugin: TIM1_8
2025-05-19 01:08:14,626 [INFO] BlockDiagram:2775 - set Specific Code input for plugin: SYS
2025-05-19 01:08:14,627 [INFO] BlockDiagram:2775 - set Specific Code input for plugin: RCC
2025-05-19 01:08:14,627 [INFO] BlockDiagram:2775 - set Specific Code input for plugin: USB_OTG_FS
2025-05-19 01:08:14,627 [INFO] BlockDiagram:2775 - set Specific Code input for plugin: NVIC
2025-05-19 01:08:14,627 [INFO] BlockDiagram:2775 - set Specific Code input for plugin: USART
2025-05-19 01:08:14,628 [INFO] BlockDiagram:2775 - set Specific Code input for plugin: GPIO
2025-05-19 01:08:14,629 [INFO] CodeGenerator:882 - code generatio: config db path: C:\ST\STM32CubeIDE_1.17.0\STM32CubeIDE\plugins\com.st.stm32cube.common.mx_6.14.1.202504091515\\db\
2025-05-19 01:08:14,703 [INFO] CodeEngine:263 - oldGeneratedFile, C:\Users\jujux\STM32CubeIDE\workspace_1.17.0\Master1_Project\MXTmpFiles\license.tmp_save
2025-05-19 01:08:14,889 [INFO] CodeEngine:287 - Generated code: C:\Users\jujux\STM32CubeIDE\workspace_1.17.0\Master1_Project\MXTmpFiles\license.tmp
2025-05-19 01:08:14,939 [INFO] CodeEngine:263 - oldGeneratedFile, C:\Users\jujux\STM32CubeIDE\workspace_1.17.0\Master1_Project\Core\Src\gpio.c_save
2025-05-19 01:08:15,030 [INFO] CodeEngine:287 - Generated code: C:\Users\jujux\STM32CubeIDE\workspace_1.17.0\Master1_Project\Core\Src\gpio.c
2025-05-19 01:08:15,050 [INFO] CodeEngine:263 - oldGeneratedFile, C:\Users\jujux\STM32CubeIDE\workspace_1.17.0\Master1_Project\Core\Inc\gpio.h_save
2025-05-19 01:08:15,107 [INFO] CodeEngine:287 - Generated code: C:\Users\jujux\STM32CubeIDE\workspace_1.17.0\Master1_Project\Core\Inc\gpio.h
2025-05-19 01:08:15,262 [WARN] IPConfigManager:3217 - Warning: the RefConfig PWREx_EnableUSBVoltageDetector is not available in your config.xml file
2025-05-19 01:08:15,293 [INFO] Middleware:1452 - No code input for Bsp Dependency
2025-05-19 01:08:15,300 [INFO] CodeEngine:263 - oldGeneratedFile, C:\Users\jujux\STM32CubeIDE\workspace_1.17.0\Master1_Project\MXTmpFiles\rtos_inc.tmp_save
2025-05-19 01:08:15,384 [INFO] CodeEngine:287 - Generated code: C:\Users\jujux\STM32CubeIDE\workspace_1.17.0\Master1_Project\MXTmpFiles\rtos_inc.tmp
2025-05-19 01:08:15,388 [INFO] CodeEngine:263 - oldGeneratedFile, C:\Users\jujux\STM32CubeIDE\workspace_1.17.0\Master1_Project\MXTmpFiles\rtos_kernelInit.tmp_save
2025-05-19 01:08:15,441 [INFO] CodeEngine:287 - Generated code: C:\Users\jujux\STM32CubeIDE\workspace_1.17.0\Master1_Project\MXTmpFiles\rtos_kernelInit.tmp
2025-05-19 01:08:15,446 [INFO] CodeEngine:263 - oldGeneratedFile, C:\Users\jujux\STM32CubeIDE\workspace_1.17.0\Master1_Project\MXTmpFiles\rtos_kernelStart.tmp_save
2025-05-19 01:08:15,505 [INFO] CodeEngine:287 - Generated code: C:\Users\jujux\STM32CubeIDE\workspace_1.17.0\Master1_Project\MXTmpFiles\rtos_kernelStart.tmp
2025-05-19 01:08:15,509 [INFO] CodeEngine:263 - oldGeneratedFile, C:\Users\jujux\STM32CubeIDE\workspace_1.17.0\Master1_Project\MXTmpFiles\rtos_typedefs.tmp_save
2025-05-19 01:08:15,560 [INFO] CodeEngine:287 - Generated code: C:\Users\jujux\STM32CubeIDE\workspace_1.17.0\Master1_Project\MXTmpFiles\rtos_typedefs.tmp
2025-05-19 01:08:15,565 [INFO] CodeEngine:263 - oldGeneratedFile, C:\Users\jujux\STM32CubeIDE\workspace_1.17.0\Master1_Project\MXTmpFiles\rtos_vars.tmp_save
2025-05-19 01:08:15,636 [INFO] CodeEngine:287 - Generated code: C:\Users\jujux\STM32CubeIDE\workspace_1.17.0\Master1_Project\MXTmpFiles\rtos_vars.tmp
2025-05-19 01:08:15,640 [INFO] CodeEngine:263 - oldGeneratedFile, C:\Users\jujux\STM32CubeIDE\workspace_1.17.0\Master1_Project\MXTmpFiles\rtos_pfp.tmp_save
2025-05-19 01:08:15,700 [INFO] CodeEngine:287 - Generated code: C:\Users\jujux\STM32CubeIDE\workspace_1.17.0\Master1_Project\MXTmpFiles\rtos_pfp.tmp
2025-05-19 01:08:15,704 [INFO] CodeEngine:263 - oldGeneratedFile, C:\Users\jujux\STM32CubeIDE\workspace_1.17.0\Master1_Project\MXTmpFiles\rtos_obj_creat.tmp_save
2025-05-19 01:08:15,775 [INFO] CodeEngine:287 - Generated code: C:\Users\jujux\STM32CubeIDE\workspace_1.17.0\Master1_Project\MXTmpFiles\rtos_obj_creat.tmp
2025-05-19 01:08:15,780 [INFO] CodeEngine:263 - oldGeneratedFile, C:\Users\jujux\STM32CubeIDE\workspace_1.17.0\Master1_Project\MXTmpFiles\rtos_default_thread.tmp_save
2025-05-19 01:08:15,828 [INFO] CodeEngine:287 - Generated code: C:\Users\jujux\STM32CubeIDE\workspace_1.17.0\Master1_Project\MXTmpFiles\rtos_default_thread.tmp
2025-05-19 01:08:15,832 [INFO] CodeEngine:263 - oldGeneratedFile, C:\Users\jujux\STM32CubeIDE\workspace_1.17.0\Master1_Project\MXTmpFiles\rtos_threads.tmp_save
2025-05-19 01:08:15,882 [INFO] CodeEngine:287 - Generated code: C:\Users\jujux\STM32CubeIDE\workspace_1.17.0\Master1_Project\MXTmpFiles\rtos_threads.tmp
2025-05-19 01:08:15,905 [INFO] Middleware:1452 - No code input for Bsp Dependency
2025-05-19 01:08:15,914 [INFO] CodeEngine:263 - oldGeneratedFile, C:\Users\jujux\STM32CubeIDE\workspace_1.17.0\Master1_Project\MXTmpFiles\rtos_inc.tmp_save
2025-05-19 01:08:15,972 [INFO] CodeEngine:287 - Generated code: C:\Users\jujux\STM32CubeIDE\workspace_1.17.0\Master1_Project\MXTmpFiles\rtos_inc.tmp
2025-05-19 01:08:15,976 [INFO] CodeEngine:263 - oldGeneratedFile, C:\Users\jujux\STM32CubeIDE\workspace_1.17.0\Master1_Project\MXTmpFiles\rtos_kernelInit.tmp_save
2025-05-19 01:08:16,021 [INFO] CodeEngine:287 - Generated code: C:\Users\jujux\STM32CubeIDE\workspace_1.17.0\Master1_Project\MXTmpFiles\rtos_kernelInit.tmp
2025-05-19 01:08:16,026 [INFO] CodeEngine:263 - oldGeneratedFile, C:\Users\jujux\STM32CubeIDE\workspace_1.17.0\Master1_Project\MXTmpFiles\rtos_kernelStart.tmp_save
2025-05-19 01:08:16,068 [INFO] CodeEngine:287 - Generated code: C:\Users\jujux\STM32CubeIDE\workspace_1.17.0\Master1_Project\MXTmpFiles\rtos_kernelStart.tmp
2025-05-19 01:08:16,073 [INFO] CodeEngine:263 - oldGeneratedFile, C:\Users\jujux\STM32CubeIDE\workspace_1.17.0\Master1_Project\MXTmpFiles\rtos_typedefs.tmp_save
2025-05-19 01:08:16,115 [INFO] CodeEngine:287 - Generated code: C:\Users\jujux\STM32CubeIDE\workspace_1.17.0\Master1_Project\MXTmpFiles\rtos_typedefs.tmp
2025-05-19 01:08:16,128 [INFO] CodeEngine:263 - oldGeneratedFile, C:\Users\jujux\STM32CubeIDE\workspace_1.17.0\Master1_Project\MXTmpFiles\rtos_vars.tmp_save
2025-05-19 01:08:16,178 [INFO] CodeEngine:287 - Generated code: C:\Users\jujux\STM32CubeIDE\workspace_1.17.0\Master1_Project\MXTmpFiles\rtos_vars.tmp
2025-05-19 01:08:16,183 [INFO] CodeEngine:263 - oldGeneratedFile, C:\Users\jujux\STM32CubeIDE\workspace_1.17.0\Master1_Project\MXTmpFiles\rtos_pfp.tmp_save
2025-05-19 01:08:16,227 [INFO] CodeEngine:287 - Generated code: C:\Users\jujux\STM32CubeIDE\workspace_1.17.0\Master1_Project\MXTmpFiles\rtos_pfp.tmp
2025-05-19 01:08:16,240 [INFO] CodeEngine:263 - oldGeneratedFile, C:\Users\jujux\STM32CubeIDE\workspace_1.17.0\Master1_Project\MXTmpFiles\rtos_obj_creat.tmp_save
2025-05-19 01:08:16,285 [INFO] CodeEngine:287 - Generated code: C:\Users\jujux\STM32CubeIDE\workspace_1.17.0\Master1_Project\MXTmpFiles\rtos_obj_creat.tmp
2025-05-19 01:08:16,290 [INFO] CodeEngine:263 - oldGeneratedFile, C:\Users\jujux\STM32CubeIDE\workspace_1.17.0\Master1_Project\MXTmpFiles\rtos_default_thread.tmp_save
2025-05-19 01:08:16,332 [INFO] CodeEngine:287 - Generated code: C:\Users\jujux\STM32CubeIDE\workspace_1.17.0\Master1_Project\MXTmpFiles\rtos_default_thread.tmp
2025-05-19 01:08:16,337 [INFO] CodeEngine:263 - oldGeneratedFile, C:\Users\jujux\STM32CubeIDE\workspace_1.17.0\Master1_Project\MXTmpFiles\rtos_threads.tmp_save
2025-05-19 01:08:16,378 [INFO] CodeEngine:287 - Generated code: C:\Users\jujux\STM32CubeIDE\workspace_1.17.0\Master1_Project\MXTmpFiles\rtos_threads.tmp
2025-05-19 01:08:16,392 [INFO] CodeEngine:263 - oldGeneratedFile, C:\Users\jujux\STM32CubeIDE\workspace_1.17.0\Master1_Project\Core\Inc\FreeRTOSConfig.h_save
2025-05-19 01:08:16,457 [INFO] CodeEngine:287 - Generated code: C:\Users\jujux\STM32CubeIDE\workspace_1.17.0\Master1_Project\Core\Inc\FreeRTOSConfig.h
2025-05-19 01:08:16,474 [INFO] CodeEngine:263 - oldGeneratedFile, C:\Users\jujux\STM32CubeIDE\workspace_1.17.0\Master1_Project\Core\Src\freertos.c_save
2025-05-19 01:08:16,539 [INFO] CodeEngine:287 - Generated code: C:\Users\jujux\STM32CubeIDE\workspace_1.17.0\Master1_Project\Core\Src\freertos.c
2025-05-19 01:08:16,555 [INFO] CodeEngine:263 - oldGeneratedFile, C:\Users\jujux\STM32CubeIDE\workspace_1.17.0\Master1_Project\Core\Src\tim.c_save
2025-05-19 01:08:16,633 [INFO] CodeEngine:287 - Generated code: C:\Users\jujux\STM32CubeIDE\workspace_1.17.0\Master1_Project\Core\Src\tim.c
2025-05-19 01:08:16,638 [INFO] CodeEngine:263 - oldGeneratedFile, C:\Users\jujux\STM32CubeIDE\workspace_1.17.0\Master1_Project\Core\Inc\tim.h_save
2025-05-19 01:08:16,683 [INFO] CodeEngine:287 - Generated code: C:\Users\jujux\STM32CubeIDE\workspace_1.17.0\Master1_Project\Core\Inc\tim.h
2025-05-19 01:08:16,698 [INFO] CodeEngine:263 - oldGeneratedFile, C:\Users\jujux\STM32CubeIDE\workspace_1.17.0\Master1_Project\Core\Src\usart.c_save
2025-05-19 01:08:16,757 [INFO] CodeEngine:287 - Generated code: C:\Users\jujux\STM32CubeIDE\workspace_1.17.0\Master1_Project\Core\Src\usart.c
2025-05-19 01:08:16,761 [INFO] CodeEngine:263 - oldGeneratedFile, C:\Users\jujux\STM32CubeIDE\workspace_1.17.0\Master1_Project\Core\Inc\usart.h_save
2025-05-19 01:08:16,819 [INFO] CodeEngine:287 - Generated code: C:\Users\jujux\STM32CubeIDE\workspace_1.17.0\Master1_Project\Core\Inc\usart.h
2025-05-19 01:08:16,834 [INFO] CodeEngine:263 - oldGeneratedFile, C:\Users\jujux\STM32CubeIDE\workspace_1.17.0\Master1_Project\Core\Src\usb_otg.c_save
2025-05-19 01:08:16,901 [INFO] CodeEngine:287 - Generated code: C:\Users\jujux\STM32CubeIDE\workspace_1.17.0\Master1_Project\Core\Src\usb_otg.c
2025-05-19 01:08:16,906 [INFO] CodeEngine:263 - oldGeneratedFile, C:\Users\jujux\STM32CubeIDE\workspace_1.17.0\Master1_Project\Core\Inc\usb_otg.h_save
2025-05-19 01:08:16,956 [INFO] CodeEngine:287 - Generated code: C:\Users\jujux\STM32CubeIDE\workspace_1.17.0\Master1_Project\Core\Inc\usb_otg.h
2025-05-19 01:08:16,977 [INFO] CodeEngine:263 - oldGeneratedFile, C:\Users\jujux\STM32CubeIDE\workspace_1.17.0\Master1_Project\Core\Src\stm32f4xx_it.c_save
2025-05-19 01:08:17,071 [INFO] CodeEngine:287 - Generated code: C:\Users\jujux\STM32CubeIDE\workspace_1.17.0\Master1_Project\Core\Src\stm32f4xx_it.c
2025-05-19 01:08:17,076 [INFO] CodeEngine:263 - oldGeneratedFile, C:\Users\jujux\STM32CubeIDE\workspace_1.17.0\Master1_Project\Core\Inc\stm32f4xx_it.h_save
2025-05-19 01:08:17,126 [INFO] CodeEngine:287 - Generated code: C:\Users\jujux\STM32CubeIDE\workspace_1.17.0\Master1_Project\Core\Inc\stm32f4xx_it.h
2025-05-19 01:08:17,145 [INFO] CodeEngine:263 - oldGeneratedFile, C:\Users\jujux\STM32CubeIDE\workspace_1.17.0\Master1_Project\Core\Src\stm32f4xx_hal_msp.c_save
2025-05-19 01:08:17,203 [INFO] CodeEngine:287 - Generated code: C:\Users\jujux\STM32CubeIDE\workspace_1.17.0\Master1_Project\Core\Src\stm32f4xx_hal_msp.c
2025-05-19 01:08:17,207 [INFO] CodeEngine:263 - oldGeneratedFile, C:\Users\jujux\STM32CubeIDE\workspace_1.17.0\Master1_Project\MXTmpFiles\system.tmp_save
2025-05-19 01:08:17,248 [INFO] CodeEngine:287 - Generated code: C:\Users\jujux\STM32CubeIDE\workspace_1.17.0\Master1_Project\MXTmpFiles\system.tmp
2025-05-19 01:08:17,263 [INFO] CodeEngine:319 - oldGeneratedFile, C:\Users\jujux\STM32CubeIDE\workspace_1.17.0\Master1_Project\Core\Inc\stm32f4xx_hal_conf.h_save
2025-05-19 01:08:17,336 [INFO] CodeEngine:343 - Generated code: C:\Users\jujux\STM32CubeIDE\workspace_1.17.0\Master1_Project\Core\Inc\stm32f4xx_hal_conf.h
2025-05-19 01:08:17,359 [WARN] IPConfigManager:3217 - Warning: the RefConfig PLL2P_FOR_MCO is not available in your config.xml file
2025-05-19 01:08:17,377 [INFO] CodeEngine:263 - oldGeneratedFile, C:\Users\jujux\STM32CubeIDE\workspace_1.17.0\Master1_Project\Core\Inc\main.h_save
2025-05-19 01:08:17,437 [INFO] CodeEngine:287 - Generated code: C:\Users\jujux\STM32CubeIDE\workspace_1.17.0\Master1_Project\Core\Inc\main.h
2025-05-19 01:08:17,450 [INFO] CodeEngine:263 - oldGeneratedFile, C:\Users\jujux\STM32CubeIDE\workspace_1.17.0\Master1_Project\Core\Src\main.c_save
2025-05-19 01:08:17,523 [INFO] CodeEngine:287 - Generated code: C:\Users\jujux\STM32CubeIDE\workspace_1.17.0\Master1_Project\Core\Src\main.c
2025-05-19 01:08:17,862 [INFO] ProjectBuilder:3324 - Time for Copy HAL[1] : 213mS.
2025-05-19 01:08:17,866 [INFO] ProjectBuilder:4912 - Project Generator version: 4.6.0.1-B1
2025-05-19 01:08:17,922 [INFO] ConfigFileManager:1590 - The Die is : DIE421
2025-05-19 01:08:18,650 [INFO] ProjectBuilder:5191 - Time for Generating toolchain IDE Files: 784mS.
2025-05-19 01:08:18,652 [INFO] ProjectBuilder:3181 - Time for Copy CMSIS : 0mS.
2025-05-19 01:08:18,659 [INFO] ProjectBuilder:3181 - Time for Copy CMSIS : 0mS.
